[debug] [2023-02-07T10:27:05.989Z] ----------------------------------------------------------------------
[debug] [2023-02-07T10:27:05.992Z] Command:       /usr/local/bin/node /usr/local/bin/firebase init hosting
[debug] [2023-02-07T10:27:05.993Z] CLI Version:   11.22.0
[debug] [2023-02-07T10:27:05.993Z] Platform:      darwin
[debug] [2023-02-07T10:27:05.993Z] Node Version:  v18.12.1
[debug] [2023-02-07T10:27:05.994Z] Time:          Tue Feb 07 2023 11:27:05 GMT+0100 (West Africa Standard Time)
[debug] [2023-02-07T10:27:05.994Z] ----------------------------------------------------------------------
[debug] 
[debug] [2023-02-07T10:27:06.001Z] > command requires scopes: ["email","openid","https://www.googleapis.com/auth/cloudplatformprojects.readonly","https://www.googleapis.com/auth/firebase","https://www.googleapis.com/auth/cloud-platform"]
[debug] [2023-02-07T10:27:06.001Z] > authorizing via signed-in user (pearlthelma299@gmail.com)
[info] 
     ######## #### ########  ######## ########     ###     ######  ########
     ##        ##  ##     ## ##       ##     ##  ##   ##  ##       ##
     ######    ##  ########  ######   ########  #########  ######  ######
     ##        ##  ##    ##  ##       ##     ## ##     ##       ## ##
     ##       #### ##     ## ######## ########  ##     ##  ######  ########

You're about to initialize a Firebase project in this directory:

  /Users/mac/Documents/Gofer-web

[info] 
=== Project Setup
[info] 
[info] First, let's associate this project directory with a Firebase project.
[info] You can create multiple project aliases by running firebase use --add, 
[info] but for now we'll just set up a default project.
[info] 
[debug] [2023-02-07T10:27:16.911Z] >>> [apiv2][query] GET https://firebase.googleapis.com/v1beta1/projects pageSize=100
[debug] [2023-02-07T10:27:17.782Z] <<< [apiv2][status] GET https://firebase.googleapis.com/v1beta1/projects 200
[debug] [2023-02-07T10:27:17.783Z] <<< [apiv2][body] GET https://firebase.googleapis.com/v1beta1/projects [omitted]
[info] i  Using project gofer-errandapp (gofer-errandApp) 
[info] 
=== Hosting Setup
[info] 
[info] i  Detected a .git folder at /Users/mac/Documents/Gofer-web 
[info] i  Authorizing with GitHub to upload your service account to a GitHub repository's secrets store. 
[info] 
[info] Visit this URL on this device to log in:
[info] https://github.com/login/oauth/authorize?client_id=89cf50f02ac6aaed3484&state=1055241753&redirect_uri=http%3A%2F%2Flocalhost%3A9005&scope=read%3Auser%20repo%20public_repo
[info] 
[info] Waiting for authentication...
[debug] [2023-02-07T10:27:33.348Z] >>> [apiv2][query] POST https://github.com/login/oauth/access_token [none]
[debug] [2023-02-07T10:27:33.348Z] >>> [apiv2][body] POST https://github.com/login/oauth/access_token [stream]
[debug] [2023-02-07T10:27:34.016Z] <<< [apiv2][status] POST https://github.com/login/oauth/access_token 200
[debug] [2023-02-07T10:27:34.016Z] <<< [apiv2][body] POST https://github.com/login/oauth/access_token {"access_token":"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","token_type":"bearer","scope":"read:user,repo"}
[debug] [2023-02-07T10:27:34.031Z] >>> [apiv2][query] GET https://api.github.com/user [none]
[debug] [2023-02-07T10:27:34.672Z] <<< [apiv2][status] GET https://api.github.com/user 200
[debug] [2023-02-07T10:27:34.672Z] <<< [apiv2][body] GET https://api.github.com/user {"login":"azubike-junior","id":54820566,"node_id":"MDQ6VXNlcjU0ODIwNTY2","avatar_url":"https://avatars.githubusercontent.com/u/54820566?v=4","gravatar_id":"","url":"https://api.github.com/users/azubike-junior","html_url":"https://github.com/azubike-junior","followers_url":"https://api.github.com/users/azubike-junior/followers","following_url":"https://api.github.com/users/azubike-junior/following{/other_user}","gists_url":"https://api.github.com/users/azubike-junior/gists{/gist_id}","starred_url":"https://api.github.com/users/azubike-junior/starred{/owner}{/repo}","subscriptions_url":"https://api.github.com/users/azubike-junior/subscriptions","organizations_url":"https://api.github.com/users/azubike-junior/orgs","repos_url":"https://api.github.com/users/azubike-junior/repos","events_url":"https://api.github.com/users/azubike-junior/events{/privacy}","received_events_url":"https://api.github.com/users/azubike-junior/received_events","type":"User","site_admin":false,"name":"sean orj","company":null,"blog":"","location":null,"email":null,"hireable":null,"bio":null,"twitter_username":null,"public_repos":66,"public_gists":0,"followers":1,"following":1,"created_at":"2019-09-02T21:15:06Z","updated_at":"2023-02-07T10:21:16Z","private_gists":0,"total_private_repos":1,"owned_private_repos":1,"disk_usage":293854,"collaborators":0,"two_factor_authentication":false,"plan":{"name":"free","space":976562499,"collaborators":0,"private_repos":10000}}
[info] 
[info] ✔  Success! Logged into GitHub as azubike-junior 
[info] 
[debug] [2023-02-07T10:27:49.113Z] >>> [apiv2][query] GET https://api.github.com/repos/azubike-junior/errandAppWeb/actions/secrets/public-key type=owner
[debug] [2023-02-07T10:27:49.660Z] <<< [apiv2][status] GET https://api.github.com/repos/azubike-junior/errandAppWeb/actions/secrets/public-key 404
[debug] [2023-02-07T10:27:49.660Z] <<< [apiv2][body] GET https://api.github.com/repos/azubike-junior/errandAppWeb/actions/secrets/public-key {"message":"Not Found","documentation_url":"https://docs.github.com/rest/reference/actions#get-a-repository-public-key"}
[debug] [2023-02-07T10:27:50.469Z] >>> [apiv2][query] GET https://api.github.com/repos/azubike-junior/errandAppWeb/actions/secrets/public-key type=owner
[debug] [2023-02-07T10:27:51.062Z] <<< [apiv2][status] GET https://api.github.com/repos/azubike-junior/errandAppWeb/actions/secrets/public-key 404
[debug] [2023-02-07T10:27:51.063Z] <<< [apiv2][body] GET https://api.github.com/repos/azubike-junior/errandAppWeb/actions/secrets/public-key {"message":"Not Found","documentation_url":"https://docs.github.com/rest/reference/actions#get-a-repository-public-key"}
